<?xml version="1.0" encoding="UTF-8"?>
<!-- Generated by org.testng.reporters.JUnitReportReporter -->
<testsuite hostname="Dell-PC" failures="0" tests="4" name="Com.Qa.TestPackage.Test_Maven" time="0.058" errors="0" timestamp="2020-08-14T11:49:03 IST" skipped="0">
  <testcase classname="Com.Qa.TestPackage.Test_Maven" name="Divtest" time="0.053"/>
  <testcase classname="Com.Qa.TestPackage.Test_Maven" name="Sumtest" time="0.001"/>
  <testcase classname="Com.Qa.TestPackage.Test_Maven" name="Subtest" time="0.002"/>
  <testcase classname="Com.Qa.TestPackage.Test_Maven" name="Multest" time="0.002"/>
</testsuite> <!-- Com.Qa.TestPackage.Test_Maven -->
