<?xml version="1.0" encoding="UTF-8"?>
<!-- Generated by org.testng.reporters.JUnitReportReporter -->
<testsuite hostname="Dell-PC" failures="0" tests="3" name="Com.Qa.TestPackage.Test2_Maven" time="0.023" errors="0" timestamp="2020-08-14T12:16:19 IST" skipped="0">
  <testcase classname="Com.Qa.TestPackage.Test2_Maven" name="Multest" time="0.022"/>
  <testcase classname="Com.Qa.TestPackage.Test2_Maven" name="Subtest" time="0.001"/>
  <testcase classname="Com.Qa.TestPackage.Test2_Maven" name="Sumtest" time="0.000"/>
</testsuite> <!-- Com.Qa.TestPackage.Test2_Maven -->
